{"/home/pc/Desktop/code/appcode/frontend/src/App.tsx": {"path":"/home/pc/Desktop/code/appcode/frontend/src/App.tsx","statementMap":{"0":{"start":{"line":12,"column":21},"end":{"line":12,"column":81}},"1":{"start":{"line":15,"column":28},"end":{"line":15,"column":48}},"2":{"start":{"line":16,"column":26},"end":{"line":16,"column":38}},"3":{"start":{"line":17,"column":28},"end":{"line":17,"column":40}},"4":{"start":{"line":18,"column":32},"end":{"line":18,"column":47}},"5":{"start":{"line":19,"column":28},"end":{"line":19,"column":40}},"6":{"start":{"line":22,"column":2},"end":{"line":24,"column":9}},"7":{"start":{"line":23,"column":4},"end":{"line":23,"column":17}},"8":{"start":{"line":26,"column":21},"end":{"line":34,"column":3}},"9":{"start":{"line":27,"column":4},"end":{"line":33,"column":5}},"10":{"start":{"line":28,"column":23},"end":{"line":28,"column":63}},"11":{"start":{"line":29,"column":6},"end":{"line":29,"column":30}},"12":{"start":{"line":31,"column":6},"end":{"line":31,"column":52}},"13":{"start":{"line":32,"column":6},"end":{"line":32,"column":40}},"14":{"start":{"line":36,"column":23},"end":{"line":57,"column":3}},"15":{"start":{"line":37,"column":4},"end":{"line":37,"column":23}},"16":{"start":{"line":38,"column":4},"end":{"line":41,"column":5}},"17":{"start":{"line":39,"column":6},"end":{"line":39,"column":44}},"18":{"start":{"line":40,"column":6},"end":{"line":40,"column":13}},"19":{"start":{"line":43,"column":4},"end":{"line":43,"column":21}},"20":{"start":{"line":44,"column":4},"end":{"line":44,"column":17}},"21":{"start":{"line":46,"column":4},"end":{"line":56,"column":5}},"22":{"start":{"line":47,"column":6},"end":{"line":47,"column":65}},"23":{"start":{"line":48,"column":6},"end":{"line":48,"column":18}},"24":{"start":{"line":49,"column":6},"end":{"line":49,"column":19}},"25":{"start":{"line":50,"column":6},"end":{"line":50,"column":19}},"26":{"start":{"line":52,"column":6},"end":{"line":52,"column":51}},"27":{"start":{"line":53,"column":6},"end":{"line":53,"column":71}},"28":{"start":{"line":55,"column":6},"end":{"line":55,"column":24}},"29":{"start":{"line":59,"column":23},"end":{"line":67,"column":3}},"30":{"start":{"line":60,"column":4},"end":{"line":66,"column":5}},"31":{"start":{"line":61,"column":6},"end":{"line":61,"column":56}},"32":{"start":{"line":62,"column":6},"end":{"line":62,"column":19}},"33":{"start":{"line":64,"column":6},"end":{"line":64,"column":51}},"34":{"start":{"line":65,"column":6},"end":{"line":65,"column":40}},"35":{"start":{"line":69,"column":2},"end":{"line":130,"column":4}},"36":{"start":{"line":83,"column":33},"end":{"line":83,"column":56}},"37":{"start":{"line":92,"column":33},"end":{"line":92,"column":57}},"38":{"start":{"line":111,"column":16},"end":{"line":123,"column":22}},"39":{"start":{"line":119,"column":35},"end":{"line":119,"column":56}}},"fnMap":{"0":{"name":"App","decl":{"start":{"line":14,"column":9},"end":{"line":14,"column":12}},"loc":{"start":{"line":14,"column":15},"end":{"line":131,"column":1}},"line":14},"1":{"name":"(anonymous_1)","decl":{"start":{"line":22,"column":12},"end":{"line":22,"column":13}},"loc":{"start":{"line":22,"column":18},"end":{"line":24,"column":3}},"line":22},"2":{"name":"(anonymous_2)","decl":{"start":{"line":26,"column":21},"end":{"line":26,"column":22}},"loc":{"start":{"line":26,"column":33},"end":{"line":34,"column":3}},"line":26},"3":{"name":"(anonymous_3)","decl":{"start":{"line":36,"column":23},"end":{"line":36,"column":24}},"loc":{"start":{"line":36,"column":53},"end":{"line":57,"column":3}},"line":36},"4":{"name":"(anonymous_4)","decl":{"start":{"line":59,"column":23},"end":{"line":59,"column":24}},"loc":{"start":{"line":59,"column":45},"end":{"line":67,"column":3}},"line":59},"5":{"name":"(anonymous_5)","decl":{"start":{"line":83,"column":26},"end":{"line":83,"column":27}},"loc":{"start":{"line":83,"column":33},"end":{"line":83,"column":56}},"line":83},"6":{"name":"(anonymous_6)","decl":{"start":{"line":92,"column":26},"end":{"line":92,"column":27}},"loc":{"start":{"line":92,"column":33},"end":{"line":92,"column":57}},"line":92},"7":{"name":"(anonymous_7)","decl":{"start":{"line":110,"column":25},"end":{"line":110,"column":26}},"loc":{"start":{"line":111,"column":16},"end":{"line":123,"column":22}},"line":111},"8":{"name":"(anonymous_8)","decl":{"start":{"line":119,"column":29},"end":{"line":119,"column":30}},"loc":{"start":{"line":119,"column":35},"end":{"line":119,"column":56}},"line":119}},"branchMap":{"0":{"loc":{"start":{"line":12,"column":21},"end":{"line":12,"column":81}},"type":"binary-expr","locations":[{"start":{"line":12,"column":21},"end":{"line":12,"column":50}},{"start":{"line":12,"column":54},"end":{"line":12,"column":81}}],"line":12},"1":{"loc":{"start":{"line":38,"column":4},"end":{"line":41,"column":5}},"type":"if","locations":[{"start":{"line":38,"column":4},"end":{"line":41,"column":5}},{"start":{},"end":{}}],"line":38},"2":{"loc":{"start":{"line":38,"column":8},"end":{"line":38,"column":23}},"type":"binary-expr","locations":[{"start":{"line":38,"column":8},"end":{"line":38,"column":13}},{"start":{"line":38,"column":17},"end":{"line":38,"column":23}}],"line":38},"3":{"loc":{"start":{"line":53,"column":15},"end":{"line":53,"column":69}},"type":"binary-expr","locations":[{"start":{"line":53,"column":15},"end":{"line":53,"column":42}},{"start":{"line":53,"column":46},"end":{"line":53,"column":69}}],"line":53},"4":{"loc":{"start":{"line":97,"column":15},"end":{"line":97,"column":49}},"type":"cond-expr","locations":[{"start":{"line":97,"column":25},"end":{"line":97,"column":36}},{"start":{"line":97,"column":39},"end":{"line":97,"column":49}}],"line":97},"5":{"loc":{"start":{"line":100,"column":11},"end":{"line":100,"column":56}},"type":"binary-expr","locations":[{"start":{"line":100,"column":11},"end":{"line":100,"column":16}},{"start":{"line":100,"column":20},"end":{"line":100,"column":56}}],"line":100},"6":{"loc":{"start":{"line":106,"column":11},"end":{"line":126,"column":11}},"type":"cond-expr","locations":[{"start":{"line":107,"column":12},"end":{"line":107,"column":56}},{"start":{"line":109,"column":12},"end":{"line":125,"column":18}}],"line":106}},"s":{"0":1,"1":1,"2":1,"3":1,"4":1,"5":1,"6":1,"7":1,"8":1,"9":1,"10":1,"11":1,"12":1,"13":1,"14":1,"15":0,"16":0,"17":0,"18":0,"19":0,"20":0,"21":0,"22":0,"23":0,"24":0,"25":0,"26":0,"27":0,"28":0,"29":1,"30":0,"31":0,"32":0,"33":0,"34":0,"35":1,"36":0,"37":0,"38":0,"39":0},"f":{"0":1,"1":1,"2":1,"3":0,"4":0,"5":0,"6":0,"7":0,"8":0},"b":{"0":[1,0],"1":[0,0],"2":[0,0],"3":[0,0],"4":[0,1],"5":[1,0],"6":[1,0]},"_coverageSchema":"1a1c01bbd47fc00a2c39e90264f33305004495a9","hash":"2f69db1c44ce4c5b3ca427d3102eb455aa568195"}
}
