TN:
SF:src/App.tsx
FN:14,App
FN:22,(anonymous_1)
FN:26,(anonymous_2)
FN:36,(anonymous_3)
FN:59,(anonymous_4)
FN:83,(anonymous_5)
FN:92,(anonymous_6)
FN:110,(anonymous_7)
FN:119,(anonymous_8)
FNF:9
FNH:3
FNDA:1,App
FNDA:1,(anonymous_1)
FNDA:1,(anonymous_2)
FNDA:0,(anonymous_3)
FNDA:0,(anonymous_4)
FNDA:0,(anonymous_5)
FNDA:0,(anonymous_6)
FNDA:0,(anonymous_7)
FNDA:0,(anonymous_8)
DA:12,1
DA:15,1
DA:16,1
DA:17,1
DA:18,1
DA:19,1
DA:22,1
DA:23,1
DA:26,1
DA:27,1
DA:28,1
DA:29,1
DA:31,1
DA:32,1
DA:36,1
DA:37,0
DA:38,0
DA:39,0
DA:40,0
DA:43,0
DA:44,0
DA:46,0
DA:47,0
DA:48,0
DA:49,0
DA:50,0
DA:52,0
DA:53,0
DA:55,0
DA:59,1
DA:60,0
DA:61,0
DA:62,0
DA:64,0
DA:65,0
DA:69,1
DA:83,0
DA:92,0
DA:111,0
DA:119,0
LF:40
LH:17
BRDA:12,0,0,1
BRDA:12,0,1,0
BRDA:38,1,0,0
BRDA:38,1,1,0
BRDA:38,2,0,0
BRDA:38,2,1,0
BRDA:53,3,0,0
BRDA:53,3,1,0
BRDA:97,4,0,0
BRDA:97,4,1,1
BRDA:100,5,0,1
BRDA:100,5,1,0
BRDA:106,6,0,1
BRDA:106,6,1,0
BRF:14
BRH:4
end_of_record
