{"/home/pc/Desktop/code/appcode/backend/server.js": {"path":"/home/pc/Desktop/code/appcode/backend/server.js","statementMap":{"0":{"start":{"line":1,"column":16},"end":{"line":1,"column":34}},"1":{"start":{"line":2,"column":14},"end":{"line":2,"column":39}},"2":{"start":{"line":3,"column":13},"end":{"line":3,"column":28}},"3":{"start":{"line":4,"column":0},"end":{"line":4,"column":27}},"4":{"start":{"line":6,"column":12},"end":{"line":6,"column":21}},"5":{"start":{"line":7,"column":13},"end":{"line":7,"column":37}},"6":{"start":{"line":10,"column":0},"end":{"line":10,"column":16}},"7":{"start":{"line":11,"column":0},"end":{"line":11,"column":24}},"8":{"start":{"line":14,"column":17},"end":{"line":20,"column":1}},"9":{"start":{"line":26,"column":2},"end":{"line":44,"column":3}},"10":{"start":{"line":27,"column":4},"end":{"line":27,"column":48}},"11":{"start":{"line":28,"column":4},"end":{"line":28,"column":47}},"12":{"start":{"line":31,"column":4},"end":{"line":38,"column":7}},"13":{"start":{"line":40,"column":4},"end":{"line":40,"column":37}},"14":{"start":{"line":42,"column":4},"end":{"line":42,"column":56}},"15":{"start":{"line":43,"column":4},"end":{"line":43,"column":20}},"16":{"start":{"line":48,"column":0},"end":{"line":50,"column":3}},"17":{"start":{"line":49,"column":2},"end":{"line":49,"column":47}},"18":{"start":{"line":53,"column":0},"end":{"line":61,"column":3}},"19":{"start":{"line":54,"column":2},"end":{"line":60,"column":3}},"20":{"start":{"line":55,"column":19},"end":{"line":55,"column":83}},"21":{"start":{"line":56,"column":4},"end":{"line":56,"column":19}},"22":{"start":{"line":58,"column":4},"end":{"line":58,"column":50}},"23":{"start":{"line":59,"column":4},"end":{"line":59,"column":61}},"24":{"start":{"line":64,"column":0},"end":{"line":91,"column":3}},"25":{"start":{"line":65,"column":26},"end":{"line":65,"column":34}},"26":{"start":{"line":67,"column":2},"end":{"line":69,"column":3}},"27":{"start":{"line":68,"column":4},"end":{"line":68,"column":74}},"28":{"start":{"line":71,"column":2},"end":{"line":90,"column":3}},"29":{"start":{"line":72,"column":21},"end":{"line":75,"column":5}},"30":{"start":{"line":77,"column":22},"end":{"line":80,"column":5}},"31":{"start":{"line":82,"column":4},"end":{"line":82,"column":37}},"32":{"start":{"line":84,"column":4},"end":{"line":84,"column":49}},"33":{"start":{"line":85,"column":4},"end":{"line":89,"column":5}},"34":{"start":{"line":86,"column":6},"end":{"line":86,"column":62}},"35":{"start":{"line":88,"column":6},"end":{"line":88,"column":63}},"36":{"start":{"line":94,"column":0},"end":{"line":109,"column":3}},"37":{"start":{"line":95,"column":17},"end":{"line":95,"column":27}},"38":{"start":{"line":97,"column":2},"end":{"line":108,"column":3}},"39":{"start":{"line":98,"column":21},"end":{"line":98,"column":77}},"40":{"start":{"line":100,"column":4},"end":{"line":102,"column":5}},"41":{"start":{"line":101,"column":6},"end":{"line":101,"column":63}},"42":{"start":{"line":104,"column":4},"end":{"line":104,"column":55}},"43":{"start":{"line":106,"column":4},"end":{"line":106,"column":49}},"44":{"start":{"line":107,"column":4},"end":{"line":107,"column":61}},"45":{"start":{"line":113,"column":2},"end":{"line":113,"column":23}},"46":{"start":{"line":114,"column":2},"end":{"line":116,"column":5}},"47":{"start":{"line":115,"column":4},"end":{"line":115,"column":50}},"48":{"start":{"line":119,"column":0},"end":{"line":119,"column":14}}},"fnMap":{"0":{"name":"initDatabase","decl":{"start":{"line":25,"column":15},"end":{"line":25,"column":27}},"loc":{"start":{"line":25,"column":30},"end":{"line":45,"column":1}},"line":25},"1":{"name":"(anonymous_1)","decl":{"start":{"line":48,"column":23},"end":{"line":48,"column":24}},"loc":{"start":{"line":48,"column":37},"end":{"line":50,"column":1}},"line":48},"2":{"name":"(anonymous_2)","decl":{"start":{"line":53,"column":22},"end":{"line":53,"column":23}},"loc":{"start":{"line":53,"column":42},"end":{"line":61,"column":1}},"line":53},"3":{"name":"(anonymous_3)","decl":{"start":{"line":64,"column":23},"end":{"line":64,"column":24}},"loc":{"start":{"line":64,"column":43},"end":{"line":91,"column":1}},"line":64},"4":{"name":"(anonymous_4)","decl":{"start":{"line":94,"column":29},"end":{"line":94,"column":30}},"loc":{"start":{"line":94,"column":49},"end":{"line":109,"column":1}},"line":94},"5":{"name":"startServer","decl":{"start":{"line":112,"column":15},"end":{"line":112,"column":26}},"loc":{"start":{"line":112,"column":29},"end":{"line":117,"column":1}},"line":112},"6":{"name":"(anonymous_6)","decl":{"start":{"line":114,"column":19},"end":{"line":114,"column":20}},"loc":{"start":{"line":114,"column":25},"end":{"line":116,"column":3}},"line":114}},"branchMap":{"0":{"loc":{"start":{"line":7,"column":13},"end":{"line":7,"column":37}},"type":"binary-expr","locations":[{"start":{"line":7,"column":13},"end":{"line":7,"column":29}},{"start":{"line":7,"column":33},"end":{"line":7,"column":37}}],"line":7},"1":{"loc":{"start":{"line":15,"column":8},"end":{"line":15,"column":42}},"type":"binary-expr","locations":[{"start":{"line":15,"column":8},"end":{"line":15,"column":27}},{"start":{"line":15,"column":31},"end":{"line":15,"column":42}}],"line":15},"2":{"loc":{"start":{"line":16,"column":8},"end":{"line":16,"column":37}},"type":"binary-expr","locations":[{"start":{"line":16,"column":8},"end":{"line":16,"column":27}},{"start":{"line":16,"column":31},"end":{"line":16,"column":37}}],"line":16},"3":{"loc":{"start":{"line":17,"column":12},"end":{"line":17,"column":49}},"type":"binary-expr","locations":[{"start":{"line":17,"column":12},"end":{"line":17,"column":35}},{"start":{"line":17,"column":39},"end":{"line":17,"column":49}}],"line":17},"4":{"loc":{"start":{"line":18,"column":12},"end":{"line":18,"column":42}},"type":"binary-expr","locations":[{"start":{"line":18,"column":12},"end":{"line":18,"column":31}},{"start":{"line":18,"column":35},"end":{"line":18,"column":42}}],"line":18},"5":{"loc":{"start":{"line":19,"column":8},"end":{"line":19,"column":35}},"type":"binary-expr","locations":[{"start":{"line":19,"column":8},"end":{"line":19,"column":27}},{"start":{"line":19,"column":31},"end":{"line":19,"column":35}}],"line":19},"6":{"loc":{"start":{"line":67,"column":2},"end":{"line":69,"column":3}},"type":"if","locations":[{"start":{"line":67,"column":2},"end":{"line":69,"column":3}},{"start":{},"end":{}}],"line":67},"7":{"loc":{"start":{"line":67,"column":6},"end":{"line":67,"column":21}},"type":"binary-expr","locations":[{"start":{"line":67,"column":6},"end":{"line":67,"column":11}},{"start":{"line":67,"column":15},"end":{"line":67,"column":21}}],"line":67},"8":{"loc":{"start":{"line":85,"column":4},"end":{"line":89,"column":5}},"type":"if","locations":[{"start":{"line":85,"column":4},"end":{"line":89,"column":5}},{"start":{"line":87,"column":11},"end":{"line":89,"column":5}}],"line":85},"9":{"loc":{"start":{"line":100,"column":4},"end":{"line":102,"column":5}},"type":"if","locations":[{"start":{"line":100,"column":4},"end":{"line":102,"column":5}},{"start":{},"end":{}}],"line":100}},"s":{"0":0,"1":0,"2":0,"3":0,"4":0,"5":0,"6":0,"7":0,"8":0,"9":0,"10":0,"11":0,"12":0,"13":0,"14":0,"15":0,"16":0,"17":0,"18":0,"19":0,"20":0,"21":0,"22":0,"23":0,"24":0,"25":0,"26":0,"27":0,"28":0,"29":0,"30":0,"31":0,"32":0,"33":0,"34":0,"35":0,"36":0,"37":0,"38":0,"39":0,"40":0,"41":0,"42":0,"43":0,"44":0,"45":0,"46":0,"47":0,"48":0},"f":{"0":0,"1":0,"2":0,"3":0,"4":0,"5":0,"6":0},"b":{"0":[0,0],"1":[0,0],"2":[0,0],"3":[0,0],"4":[0,0],"5":[0,0],"6":[0,0],"7":[0,0],"8":[0,0],"9":[0,0]}}
}
